<?xml version="1.0" encoding="UTF-8"?>
<!-- Generated by org.testng.reporters.JUnitXMLReporter -->
<testsuite ignored="0" hostname="Aayush" failures="0" tests="3" name="Default test" time="56.403" errors="0" timestamp="2024-05-21T11:32:21 IST">
  <testcase classname="test.LoginPageScript" name="SubmitOrder" time="19.518"/>
  <testcase classname="test.LoginPageScript" name="SubmitOrder" time="19.379"/>
  <testcase classname="test.LoginPageScript" name="OrderHistory" time="1.151"/>
</testsuite> <!-- Default test -->
