<?xml version="1.0" encoding="UTF-8"?>
<!-- Generated by org.testng.reporters.JUnitXMLReporter -->
<testsuite ignored="0" hostname="Aayush" failures="1" tests="3" name="Error validarion Test" time="46.789" errors="0" timestamp="2024-05-25T00:35:18 IST">
  <testcase classname="test.ErrorValidation" name="loginError" time="3.699">
    <skipped/>
  </testcase> <!-- loginError -->
  <testcase classname="test.ErrorValidation" name="loginError" time="1.09">
    <failure type="java.lang.AssertionError" message="Invalid login message is not displayed. expected [Incorrect email or password.] but found [Incorrect email password.]">
      <![CDATA[java.lang.AssertionError: Invalid login message is not displayed. expected [Incorrect email or password.] but found [Incorrect email password.]
at test.ErrorValidation.loginError(ErrorValidation.java:29)
at java.base/java.util.ArrayList.forEach(ArrayList.java:1511)
at java.base/java.util.concurrent.FutureTask.run(FutureTask.java:264)
at java.base/java.util.concurrent.ThreadPoolExecutor.runWorker(ThreadPoolExecutor.java:1136)
at java.base/java.util.concurrent.ThreadPoolExecutor$Worker.run(ThreadPoolExecutor.java:635)
at java.base/java.lang.Thread.run(Thread.java:833)
... Removed 20 stack frames]]>
    </failure>
  </testcase> <!-- loginError -->
  <testcase classname="test.ErrorValidation" name="productError" time="20.689"/>
</testsuite> <!-- Error validarion Test -->
