<?xml version="1.0" encoding="UTF-8"?>
<!-- Generated by org.testng.reporters.JUnitXMLReporter -->
<testsuite ignored="0" hostname="Aayush" failures="0" tests="3" name="Submit order Test" time="69.112" errors="0" timestamp="2024-05-25T00:35:39 IST">
  <testcase classname="test.LoginPageScript" name="SubmitOrder" time="21.021"/>
  <testcase classname="test.LoginPageScript" name="SubmitOrder" time="21.491"/>
  <testcase classname="test.LoginPageScript" name="OrderHistory" time="1.103"/>
</testsuite> <!-- Submit order Test -->
