<?xml version="1.0" encoding="UTF-8"?>
<testng-results ignored="0" total="1" passed="1" failed="0" skipped="0">
  <reporter-output>
  </reporter-output>
  <suite started-at="2024-05-24T00:23:35 IST" name="Default suite" finished-at="2024-05-24T00:23:45 IST" duration-ms="9469">
    <groups>
    </groups>
    <test started-at="2024-05-24T00:23:35 IST" name="Default test" finished-at="2024-05-24T00:23:45 IST" duration-ms="9469">
      <class name="extententreport_SingleTestCase.Extent_Report1">
        <test-method is-config="true" signature="config()[pri:0, instance:extententreport_SingleTestCase.Extent_Report1@1e800aaa]" started-at="2024-05-24T00:23:35 IST" name="config" finished-at="2024-05-24T00:23:36 IST" duration-ms="727" status="PASS">
          <reporter-output>
          </reporter-output>
        </test-method> <!-- config -->
        <test-method signature="demo()[pri:0, instance:extententreport_SingleTestCase.Extent_Report1@1e800aaa]" started-at="2024-05-24T00:23:36 IST" name="demo" finished-at="2024-05-24T00:23:44 IST" duration-ms="8632" status="PASS">
          <reporter-output>
          </reporter-output>
        </test-method> <!-- demo -->
      </class> <!-- extententreport_SingleTestCase.Extent_Report1 -->
    </test> <!-- Default test -->
  </suite> <!-- Default suite -->
</testng-results>
